<?xml version="1.0" encoding="UTF-8"?>
<!-- Generated by org.testng.reporters.JUnitReportReporter -->
<testsuite hostname="parviz-HP" name="com.qa.jen.MyWebDriver" tests="1" failures="0" timestamp="30 Mar 2013 02:59:13 GMT" time="30.759" errors="0">
  <testcase name="test" time="30.759" classname="com.qa.jen.MyWebDriver"/>
</testsuite> <!-- com.qa.jen.MyWebDriver -->
