<?xml version="1.0" encoding="UTF-8"?>
<!-- Generated by org.testng.reporters.JUnitReportReporter -->
<testsuite hostname="parviz-HP" name="com.qa.jen.MyWebDriver" tests="1" failures="0" timestamp="28 Mar 2013 23:21:36 GMT" time="33.075" errors="0">
  <testcase name="test" time="33.075" classname="com.qa.jen.MyWebDriver"/>
</testsuite> <!-- com.qa.jen.MyWebDriver -->
