<?xml version="1.0" encoding="UTF-8"?>
<!-- Generated by org.testng.reporters.JUnitReportReporter -->
<testsuite hostname="parviz-HP" name="com.qa.jen.MyWebDriver" tests="1" failures="0" timestamp="17 Mar 2013 15:13:22 GMT" time="49.062" errors="0">
  <testcase name="test" time="49.062" classname="com.qa.jen.MyWebDriver"/>
</testsuite> <!-- com.qa.jen.MyWebDriver -->
